# Statistics calculated using Classic algorithm
# Regions --- 
#          -- bottom-left corner (pixel) [blc]:  [254, 251, 0, 0]
#          -- top-right corner (pixel) [trc]:    [266, 266, 0, 0]
#          -- bottom-left corner (world) [blcf]: 03:29:10.4329, +31.13.32.0098, I, 2.19734e+10Hz
#          -- top-right corner (world) [trcf]:   03:29:10.4236, +31.13.32.1598, I, 2.19734e+10Hz
# Values --- 
#          -- flux density [flux]:                    5.2706e-05 Jy
#          -- number of points [npts]:                160
#          -- maximum value [max]:                    0.000211251 Jy/beam
#          -- minimum value [min]:                    0.000164158 Jy/beam
#          -- position of max value (pixel) [maxpos]: [260, 258, 0, 0]
#          -- position of min value (pixel) [minpos]: [266, 261, 0, 0]
#          -- position of max value (world) [maxposf]: 03:29:10.4283, +31.13.32.0798, I, 2.19734e+10Hz
#          -- position of min value (world) [minposf]: 03:29:10.4236, +31.13.32.1098, I, 2.19734e+10Hz
#          -- Sum of pixel values [sum]:               0.0302197 Jy/beam
#          -- Sum of squared pixel values [sumsq]:     5.73359e-06 Jy/beam.Jy/beam
# Statistics --- 
#         -- Mean of the pixel values [mean]:         0.000188873 Jy/beam
#         -- Variance of the pixel values :           1.62931e-10 Jy/beam
#         -- Standard deviation of the Mean [sigma]:  1.27645e-05 Jy/beam
#         -- Root mean square [rms]:                  0.000189301 Jy/beam
#         -- Median of the pixel values [median]:     0.000188179 Jy/beam
#         -- Median of the deviations [medabsdevmed]: 1.06305e-05 Jy/beam
#         -- IQR [quartile]:                          2.15796e-05 Jy/beam
#         -- First quartile [q1]:                     0.000177645 Jy/beam
#         -- Third quartile [q3]:                     0.000199224 Jy/beam
#Sum column unit = Jy/beam
#Mean column unit = Jy/beam
#Std_dev column unit = Jy/beam
#Minimum column unit = Jy/beam
#Maximum column unit = Jy/beam
#Npts          Sum           Mean          Rms           Std_dev       Minimum       Maximum     
  1.600000e+02  3.021969e-02  1.888731e-04  1.893012e-04  1.276446e-05  1.641578e-04  2.112512e-04
