# Statistics calculated using Classic algorithm
# Regions --- 
#          -- bottom-left corner (pixel) [blc]:  [251, 246, 0, 0]
#          -- top-right corner (pixel) [trc]:    [264, 268, 0, 0]
#          -- bottom-left corner (world) [blcf]: 03:29:10.4353, +31.13.31.9598, I, 3.4347e+11Hz
#          -- top-right corner (world) [trcf]:   03:29:10.4251, +31.13.32.1798, I, 3.4347e+11Hz
# Values --- 
#          -- flux density [flux]:                    0.174833 Jy
#          -- number of points [npts]:                244
#          -- maximum value [max]:                    0.100483 Jy/beam
#          -- minimum value [min]:                    0.0562321 Jy/beam
#          -- position of max value (pixel) [maxpos]: [258, 256, 0, 0]
#          -- position of min value (pixel) [minpos]: [257, 268, 0, 0]
#          -- position of max value (world) [maxposf]: 03:29:10.4298, +31.13.32.0598, I, 3.4347e+11Hz
#          -- position of min value (world) [minposf]: 03:29:10.4306, +31.13.32.1798, I, 3.4347e+11Hz
#          -- Sum of pixel values [sum]:               18.6935 Jy/beam
#          -- Sum of squared pixel values [sumsq]:     1.46741 Jy/beam.Jy/beam
# Statistics --- 
#         -- Mean of the pixel values [mean]:         0.0766127 Jy/beam
#         -- Variance of the pixel values :           0.00014508 Jy/beam
#         -- Standard deviation of the Mean [sigma]:  0.0120449 Jy/beam
#         -- Root mean square [rms]:                  0.0775499 Jy/beam
#         -- Median of the pixel values [median]:     0.0754322 Jy/beam
#         -- Median of the deviations [medabsdevmed]: 0.00982668 Jy/beam
#         -- IQR [quartile]:                          0.019693 Jy/beam
#         -- First quartile [q1]:                     0.0662133 Jy/beam
#         -- Third quartile [q3]:                     0.0859063 Jy/beam
#Sum column unit = Jy/beam
#Mean column unit = Jy/beam
#Std_dev column unit = Jy/beam
#Minimum column unit = Jy/beam
#Maximum column unit = Jy/beam
#Npts          Sum           Mean          Rms           Std_dev       Minimum       Maximum     
  2.440000e+02  1.869349e+01  7.661267e-02  7.754990e-02  1.204493e-02  5.623208e-02  1.004828e-01
