# Statistics calculated using Classic algorithm
# Regions --- 
#          -- bottom-left corner (pixel) [blc]:  [254, 252, 0, 0]
#          -- top-right corner (pixel) [trc]:    [266, 265, 0, 0]
#          -- bottom-left corner (world) [blcf]: 03:29:10.4329, +31.13.32.0198, I, 3.30367e+10Hz
#          -- top-right corner (world) [trcf]:   03:29:10.4236, +31.13.32.1498, I, 3.30367e+10Hz
# Values --- 
#          -- flux density [flux]:                    5.51779e-05 Jy
#          -- number of points [npts]:                142
#          -- maximum value [max]:                    0.000158307 Jy/beam
#          -- minimum value [min]:                    0.000103878 Jy/beam
#          -- position of max value (pixel) [maxpos]: [260, 258, 0, 0]
#          -- position of min value (pixel) [minpos]: [255, 263, 0, 0]
#          -- position of max value (world) [maxposf]: 03:29:10.4283, +31.13.32.0798, I, 3.30367e+10Hz
#          -- position of min value (world) [minposf]: 03:29:10.4322, +31.13.32.1298, I, 3.30367e+10Hz
#          -- Sum of pixel values [sum]:               0.0189108 Jy/beam
#          -- Sum of squared pixel values [sumsq]:     2.54694e-06 Jy/beam.Jy/beam
# Statistics --- 
#         -- Mean of the pixel values [mean]:         0.000133175 Jy/beam
#         -- Variance of the pixel values :           2.02093e-10 Jy/beam
#         -- Standard deviation of the Mean [sigma]:  1.42159e-05 Jy/beam
#         -- Root mean square [rms]:                  0.000133926 Jy/beam
#         -- Median of the pixel values [median]:     0.000133379 Jy/beam
#         -- Median of the deviations [medabsdevmed]: 1.12089e-05 Jy/beam
#         -- IQR [quartile]:                          2.23063e-05 Jy/beam
#         -- First quartile [q1]:                     0.000122318 Jy/beam
#         -- Third quartile [q3]:                     0.000144624 Jy/beam
#Sum column unit = Jy/beam
#Mean column unit = Jy/beam
#Std_dev column unit = Jy/beam
#Minimum column unit = Jy/beam
#Maximum column unit = Jy/beam
#Npts          Sum           Mean          Rms           Std_dev       Minimum       Maximum     
  1.420000e+02  1.891082e-02  1.331748e-04  1.339261e-04  1.421594e-05  1.038783e-04  1.583068e-04
