# Statistics calculated using Classic algorithm
# Regions --- 
#          -- bottom-left corner (pixel) [blc]:  [250, 244, 0, 0]
#          -- top-right corner (pixel) [trc]:    [266, 271, 0, 0]
#          -- bottom-left corner (world) [blcf]: 03:29:10.4361, +31.13.31.9398, I, 2.33995e+11Hz
#          -- top-right corner (world) [trcf]:   03:29:10.4236, +31.13.32.2098, I, 2.33995e+11Hz
# Values --- 
#          -- flux density [flux]:                    0.038674 Jy
#          -- number of points [npts]:                366
#          -- maximum value [max]:                    0.109036 Jy/beam
#          -- minimum value [min]:                    0.0849033 Jy/beam
#          -- position of max value (pixel) [maxpos]: [258, 256, 0, 0]
#          -- position of min value (pixel) [minpos]: [255, 270, 0, 0]
#          -- position of max value (world) [maxposf]: 03:29:10.4298, +31.13.32.0598, I, 2.33995e+11Hz
#          -- position of min value (world) [minposf]: 03:29:10.4322, +31.13.32.1998, I, 2.33995e+11Hz
#          -- Sum of pixel values [sum]:               35.9474 Jy/beam
#          -- Sum of squared pixel values [sumsq]:     3.5444 Jy/beam.Jy/beam
# Statistics --- 
#         -- Mean of the pixel values [mean]:         0.0982169 Jy/beam
#         -- Variance of the pixel values :           3.76949e-05 Jy/beam
#         -- Standard deviation of the Mean [sigma]:  0.00613962 Jy/beam
#         -- Root mean square [rms]:                  0.0984081 Jy/beam
#         -- Median of the pixel values [median]:     0.0982223 Jy/beam
#         -- Median of the deviations [medabsdevmed]: 0.00510772 Jy/beam
#         -- IQR [quartile]:                          0.0101494 Jy/beam
#         -- First quartile [q1]:                     0.0932492 Jy/beam
#         -- Third quartile [q3]:                     0.103399 Jy/beam
#Sum column unit = Jy/beam
#Mean column unit = Jy/beam
#Std_dev column unit = Jy/beam
#Minimum column unit = Jy/beam
#Maximum column unit = Jy/beam
#Npts          Sum           Mean          Rms           Std_dev       Minimum       Maximum     
  3.660000e+02  3.594737e+01  9.821687e-02  9.840805e-02  6.139618e-03  8.490334e-02  1.090361e-01
