****** Fit performed at Sun Apr 26 11:05:39 2020******

Input parameters ---
       --- imagename:           /Users/astrochialinko/Workshop/IRAS4A/Polarization/Analysis_Astrometry/Data_NoSelfCal/Data_NoSelfCal_Rg/n1333iras4a_2018_10_16_B4_Francesco_I.image
       --- region:              
       --- channel:             0
       --- stokes:              I
       --- mask:                
       --- include pixel range: []
       --- exclude pixel range: []
*** Details of fit for channel number 0
Number of pixels used in fit: 321
Input and residual image statistics (to be used as a rough guide only as to goodness of fit)
       --- Standard deviation of input image: 0.0012112 Jy
       --- Standard deviation of residual image: 0.000269317 Jy
       --- RMS of input image: 0.0219842 Jy
       --- RMS of residual image: 0.000269551 Jy

Fit on n1333iras4a_2018_10_16_B4_Francesco_I.image component 0
Position ---
       --- ra:    03:29:10.43160 +/- 0.00014 s (0.00183 arcsec along great circle)
       --- dec: +031.13.32.08892 +/- 0.00253 arcsec
       --- ra:  255.71 +/- 0.18 pixels
       --- dec: 258.92 +/- 0.25 pixels

Image component size (convolved with beam) ---
       --- major axis FWHM:     475.0 +/- 6.2 marcsec
       --- minor axis FWHM:     356.7 +/- 3.9 marcsec
       --- position angle: 159.0 +/- 1.5 deg

Clean beam size ---
       --- major axis FWHM: 0.34 arcsec
       --- minor axis FWHM: 0.20 arcsec
       --- position angle: -11.57 deg
Image component size (deconvolved from beam) ---
       --- major axis FWHM:     339.5 +/- 10.9 marcsec
       --- minor axis FWHM:     282.4 +/- 9.4 marcsec
       --- position angle: 136.8 +/- 8.2 deg

Flux ---
       --- Integrated:   58.90 +/- 0.96 mJy
       --- Peak:         23.93 +/- 0.29 mJy/beam
       --- Polarization: I

Spectrum ---
      --- frequency:        145.0019 GHz (2.067508 mm)

