****** Fit performed at Sun Apr 26 11:05:38 2020******

Input parameters ---
       --- imagename:           /Users/astrochialinko/Workshop/IRAS4A/Polarization/Analysis_Astrometry/Data_NoSelfCal/Data_NoSelfCal_Rg/n1333iras4a_2015_06_13_B6_Sakai_I.image
       --- region:              
       --- channel:             0
       --- stokes:              I
       --- mask:                
       --- include pixel range: []
       --- exclude pixel range: []
*** Details of fit for channel number 0
Number of pixels used in fit: 119
Input and residual image statistics (to be used as a rough guide only as to goodness of fit)
       --- Standard deviation of input image: 0.00376911 Jy
       --- Standard deviation of residual image: 0.00121949 Jy
       --- RMS of input image: 0.270645 Jy
       --- RMS of residual image: 0.0012231 Jy

Fit on n1333iras4a_2015_06_13_B6_Sakai_I.image component 0
Position ---
       --- ra:    03:29:10.431467 +/- 0.000074 s (0.000948 arcsec along great circle)
       --- dec: +031.13.32.116936 +/- 0.001316 arcsec
       --- ra:  255.881 +/- 0.095 pixels
       --- dec: 261.717 +/- 0.132 pixels

Image component size (convolved with beam) ---
       --- major axis FWHM:     643.7 +/- 3.5 marcsec
       --- minor axis FWHM:     435.2 +/- 1.6 marcsec
       --- position angle: 150.05 +/- 0.38 deg

Clean beam size ---
       --- major axis FWHM: 0.66 arcsec
       --- minor axis FWHM: 0.35 arcsec
       --- position angle: -29.50 deg
Image component size (deconvolved from beam) ---
    Component is a point source
    An upper limit on its size cannot be determined

Flux ---
       --- Integrated:   336.3 +/- 2.5 mJy
       --- Peak:         276.1 +/- 1.2 mJy/beam
       --- Polarization: I

Spectrum ---
      --- frequency:        254.5814 GHz (1.177590 mm)

