****** Fit performed at Sun Apr 26 11:05:39 2020******

Input parameters ---
       --- imagename:           /Users/astrochialinko/Workshop/IRAS4A/Polarization/Analysis_Astrometry/Data_NoSelfCal/Data_NoSelfCal_Rg/n1333iras4a_2017_08_28_B6_Maury_I.image
       --- region:              
       --- channel:             0
       --- stokes:              I
       --- mask:                
       --- include pixel range: []
       --- exclude pixel range: []
*** Details of fit for channel number 0
Number of pixels used in fit: 89
Input and residual image statistics (to be used as a rough guide only as to goodness of fit)
       --- Standard deviation of input image: 0.00279582 Jy
       --- Standard deviation of residual image: 0.000224321 Jy
       --- RMS of input image: 0.0472852 Jy
       --- RMS of residual image: 0.000227253 Jy

Fit on n1333iras4a_2017_08_28_B6_Maury_I.image component 0
Position ---
       --- ra:    03:29:10.430320 +/- 0.000024 s (0.000313 arcsec along great circle)
       --- dec: +031.13.32.059614 +/- 0.000502 arcsec
       --- ra:  257.353 +/- 0.031 pixels
       --- dec: 255.985 +/- 0.050 pixels

Image component size (convolved with beam) ---
       --- major axis FWHM:     235.28 +/- 1.19 marcsec
       --- minor axis FWHM:     171.32 +/- 0.73 marcsec
       --- position angle: 172.32 +/- 0.53 deg

Clean beam size ---
       --- major axis FWHM: 0.16 arcsec
       --- minor axis FWHM: 0.10 arcsec
       --- position angle: -19.37 deg
Image component size (deconvolved from beam) ---
       --- major axis FWHM:     179.8 +/- 1.8 marcsec
       --- minor axis FWHM:     135.4 +/- 1.3 marcsec
       --- position angle: 4.4 +/- 1.6 deg

Flux ---
       --- Integrated:   136.04 +/- 0.84 mJy
       --- Peak:         52.03 +/- 0.24 mJy/beam
       --- Polarization: I

Spectrum ---
      --- frequency:        226.9681 GHz (1.320857 mm)

