****** Fit performed at Sun Apr 26 11:05:39 2020******

Input parameters ---
       --- imagename:           /Users/astrochialinko/Workshop/IRAS4A/Polarization/Analysis_Astrometry/Data_NoSelfCal/Data_NoSelfCal_Rg/n1333iras4a_2016_09_06_B7_Lai_I.image
       --- region:              
       --- channel:             0
       --- stokes:              I
       --- mask:                
       --- include pixel range: []
       --- exclude pixel range: []
*** Details of fit for channel number 0
Number of pixels used in fit: 244
Input and residual image statistics (to be used as a rough guide only as to goodness of fit)
       --- Standard deviation of input image: 0.0120449 Jy
       --- Standard deviation of residual image: 0.00199617 Jy
       --- RMS of input image: 0.0775499 Jy
       --- RMS of residual image: 0.00204808 Jy

Fit on n1333iras4a_2016_09_06_B7_Lai_I.image component 0
Position ---
       --- ra:    03:29:10.430085 +/- 0.000090 s (0.001150 arcsec along great circle)
       --- dec: +031.13.32.059731 +/- 0.002506 arcsec
       --- ra:  257.65 +/- 0.12 pixels
       --- dec: 256.00 +/- 0.25 pixels

Image component size (convolved with beam) ---
       --- major axis FWHM:     265.9 +/- 5.9 marcsec
       --- minor axis FWHM:     151.6 +/- 2.7 marcsec
       --- position angle: 178.3 +/- 1.2 deg

Clean beam size ---
       --- major axis FWHM: 0.17 arcsec
       --- minor axis FWHM: 0.06 arcsec
       --- position angle: -4.92 deg
Image component size (deconvolved from beam) ---
       --- major axis FWHM:     207.0 +/- 7.9 marcsec
       --- minor axis FWHM:     140.1 +/- 3.5 marcsec
       --- position angle: 1.7 +/- 3.4 deg

Flux ---
       --- Integrated:   423 +/- 10 mJy
       --- Peak:         99.0 +/- 2.0 mJy/beam
       --- Polarization: I

Spectrum ---
      --- frequency:        343.4703 GHz (872.8338 um)

