****** Fit performed at Sun Apr 26 11:05:37 2020******

Input parameters ---
       --- imagename:           /Users/astrochialinko/Workshop/IRAS4A/Polarization/Analysis_Astrometry/Data_NoSelfCal/Data_NoSelfCal_Rg/n1333iras4a_2013_10_21_Ka_Tobin_I.image
       --- region:              
       --- channel:             0
       --- stokes:              I
       --- mask:                
       --- include pixel range: []
       --- exclude pixel range: []
*** Details of fit for channel number 0
Number of pixels used in fit: 195
Input and residual image statistics (to be used as a rough guide only as to goodness of fit)
       --- Standard deviation of input image: 6.67902e-05 Jy
       --- Standard deviation of residual image: 3.71454e-06 Jy
       --- RMS of input image: 0.000447695 Jy
       --- RMS of residual image: 3.81685e-06 Jy

Fit on n1333iras4a_2013_10_21_Ka_Tobin_I.image component 0
Position ---
       --- ra:    03:29:10.426788 +/- 0.000043 s (0.000553 arcsec along great circle)
       --- dec: +031.13.32.114935 +/- 0.000553 arcsec
       --- ra:  261.882 +/- 0.055 pixels
       --- dec: 261.517 +/- 0.055 pixels

Image component size (convolved with beam) ---
       --- major axis FWHM:     184.0 +/- 1.3 marcsec
       --- minor axis FWHM:     181.8 +/- 1.3 marcsec
       --- position angle: 136 +/- 25 deg

Clean beam size ---
       --- major axis FWHM: 0.17 arcsec
       --- minor axis FWHM: 0.15 arcsec
       --- position angle: -64.97 deg
Image component size (deconvolved from beam) ---
       --- major axis FWHM:     102.3 +/- 3.8 marcsec
       --- minor axis FWHM:     77.7 +/- 5.2 marcsec
       --- position angle: 22 +/- 25 deg

Flux ---
       --- Integrated:   756.5 +/- 8.5 uJy
       --- Peak:         567.1 +/- 4.0 uJy/beam
       --- Polarization: I

Spectrum ---
      --- frequency:        36.77102 GHz (8.152956 mm)

