****** Fit performed at Sun Apr 26 11:05:40 2020******

Input parameters ---
       --- imagename:           /Users/astrochialinko/Workshop/IRAS4A/Polarization/Analysis_Astrometry/Data_NoSelfCal/Data_NoSelfCal_Rg/n1333iras4a_2019_07_20_B4_Lai_I.image
       --- region:              
       --- channel:             0
       --- stokes:              I
       --- mask:                
       --- include pixel range: []
       --- exclude pixel range: []
*** Details of fit for channel number 0
Number of pixels used in fit: 87
Input and residual image statistics (to be used as a rough guide only as to goodness of fit)
       --- Standard deviation of input image: 0.000724304 Jy
       --- Standard deviation of residual image: 0.000185891 Jy
       --- RMS of input image: 0.0042059 Jy
       --- RMS of residual image: 0.000188792 Jy

Fit on n1333iras4a_2019_07_20_B4_Lai_I.image component 0
Position ---
       --- ra:    03:29:10.430836 +/- 0.000093 s (0.001192 arcsec along great circle)
       --- dec: +031.13.32.035269 +/- 0.002256 arcsec
       --- ra:  256.69 +/- 0.12 pixels
       --- dec: 253.55 +/- 0.23 pixels

Image component size (convolved with beam) ---
       --- major axis FWHM:     145.8 +/- 5.3 marcsec
       --- minor axis FWHM:     90.1 +/- 2.7 marcsec
       --- position angle: 7.3 +/- 2.5 deg

Clean beam size ---
       --- major axis FWHM: 0.08 arcsec
       --- minor axis FWHM: 0.04 arcsec
       --- position angle: 0.52 deg
Image component size (deconvolved from beam) ---
       --- major axis FWHM:     122.9 +/- 6.6 marcsec
       --- minor axis FWHM:     80.8 +/- 3.7 marcsec
       --- position angle: 11.0 +/- 5.2 deg

Flux ---
       --- Integrated:   23.58 +/- 0.96 mJy
       --- Peak:         5.48 +/- 0.18 mJy/beam
       --- Polarization: I

Spectrum ---
      --- frequency:        144.9857 GHz (2.067738 mm)

