****** Fit performed at Sun Apr 26 11:05:38 2020******

Input parameters ---
       --- imagename:           /Users/astrochialinko/Workshop/IRAS4A/Polarization/Analysis_Astrometry/Data_NoSelfCal/Data_NoSelfCal_Rg/n1333iras4a_2015_09_27_B6_Tobin_I.image
       --- region:              
       --- channel:             0
       --- stokes:              I
       --- mask:                
       --- include pixel range: []
       --- exclude pixel range: []
*** Details of fit for channel number 0
Number of pixels used in fit: 352
Input and residual image statistics (to be used as a rough guide only as to goodness of fit)
       --- Standard deviation of input image: 0.00274132 Jy
       --- Standard deviation of residual image: 0.000462728 Jy
       --- RMS of input image: 0.0547322 Jy
       --- RMS of residual image: 0.000464048 Jy

Fit on n1333iras4a_2015_09_27_B6_Tobin_I.image component 0
Position ---
       --- ra:    03:29:10.42496 +/- 0.00012 s (0.00154 arcsec along great circle)
       --- dec: +031.13.32.17266 +/- 0.00137 arcsec
       --- ra:  264.23 +/- 0.15 pixels
       --- dec: 267.29 +/- 0.14 pixels

Image component size (convolved with beam) ---
       --- major axis FWHM:     451.7 +/- 3.7 marcsec
       --- minor axis FWHM:     406.1 +/- 3.2 marcsec
       --- position angle: 71.6 +/- 3.0 deg

Clean beam size ---
       --- major axis FWHM: 0.28 arcsec
       --- minor axis FWHM: 0.17 arcsec
       --- position angle: 21.61 deg
Image component size (deconvolved from beam) ---
       --- major axis FWHM:     406.5 +/- 5.8 marcsec
       --- minor axis FWHM:     307.4 +/- 6.8 marcsec
       --- position angle: 95.1 +/- 3.0 deg

Flux ---
       --- Integrated:   227.6 +/- 2.2 mJy
       --- Peak:         59.46 +/- 0.47 mJy/beam
       --- Polarization: I

Spectrum ---
      --- frequency:        225.8714 GHz (1.327270 mm)

